[23:08:10] [main/INFO] (FabricLoader/GameProvider) Loading Minecraft 1.20.1 with Fabric Loader 0.16.0
[23:08:10] [main/INFO] (FabricLoader) Loading 46 mods:
	- border 1.0.0
	- fabric-api 0.92.2+1.20.1
	- fabric-api-base 0.4.31+1802ada577
	- fabric-api-lookup-api-v1 1.6.36+1802ada577
	- fabric-biome-api-v1 13.0.13+1802ada577
	- fabric-block-api-v1 1.0.11+1802ada577
	- fabric-block-view-api-v2 1.0.1+1802ada577
	- fabric-command-api-v1 1.2.34+f71b366f77
	- fabric-command-api-v2 2.2.13+1802ada577
	- fabric-commands-v0 0.2.51+df3654b377
	- fabric-containers-v0 0.1.64+df3654b377
	- fabric-content-registries-v0 4.0.11+1802ada577
	- fabric-convention-tags-v1 1.5.5+1802ada577
	- fabric-crash-report-info-v1 0.2.19+1802ada577
	- fabric-data-attachment-api-v1 1.0.0+de0fd6d177
	- fabric-data-generation-api-v1 12.3.4+1802ada577
	- fabric-dimensions-v1 2.1.54+1802ada577
	- fabric-entity-events-v1 1.6.0+1c78457f77
	- fabric-events-interaction-v0 0.6.2+1802ada577
	- fabric-events-lifecycle-v0 0.2.63+df3654b377
	- fabric-game-rule-api-v1 1.0.40+1802ada577
	- fabric-gametest-api-v1 1.2.13+1802ada577
	- fabric-item-api-v1 2.1.28+1802ada577
	- fabric-item-group-api-v1 4.0.12+1802ada577
	- fabric-lifecycle-events-v1 2.2.22+1802ada577
	- fabric-loot-api-v2 1.2.1+1802ada577
	- fabric-loot-tables-v1 1.1.45+9e7660c677
	- fabric-message-api-v1 5.1.9+1802ada577
	- fabric-mining-level-api-v1 2.1.50+1802ada577
	- fabric-networking-api-v1 1.3.11+1802ada577
	- fabric-networking-v0 0.3.51+df3654b377
	- fabric-object-builder-api-v1 11.1.3+1802ada577
	- fabric-particles-v1 1.1.2+1802ada577
	- fabric-recipe-api-v1 1.0.21+1802ada577
	- fabric-registry-sync-v0 2.3.3+1802ada577
	- fabric-rendering-data-attachment-v1 0.3.37+92a0d36777
	- fabric-rendering-fluids-v1 3.0.28+1802ada577
	- fabric-resource-conditions-api-v1 2.3.8+1802ada577
	- fabric-resource-loader-v0 0.11.10+1802ada577
	- fabric-screen-handler-api-v1 1.3.30+1802ada577
	- fabric-transfer-api-v1 3.3.5+8dd72ea377
	- fabric-transitive-access-wideners-v1 4.3.1+1802ada577
	- fabricloader 0.16.0
	- java 17
	- minecraft 1.20.1
	- mixinextras 0.4.0
[23:08:11] [main/INFO] (FabricLoader/Mixin) SpongePowered MIXIN Subsystem Version=0.8.7 Source=file:/C:/Users/macro/.gradle/caches/modules-2/files-2.1/net.fabricmc/sponge-mixin/0.15.0+mixin.0.8.7/2ce1c5d57a061f3e259ec30b8b0cb2dc889c5156/sponge-mixin-0.15.0+mixin.0.8.7.jar Service=Knot/Fabric Env=SERVER
[23:08:11] [main/INFO] (FabricLoader/Mixin) Loaded Fabric development mappings for mixin remapper!
[23:08:11] [main/INFO] (FabricLoader/Mixin) Compatibility level set to JAVA_16
[23:08:11] [main/INFO] (FabricLoader/Mixin) Compatibility level set to JAVA_17
[23:08:13] [main/INFO] (FabricLoader/MixinExtras|Service) Initializing MixinExtras via com.llamalad7.mixinextras.service.MixinExtrasServiceImpl(version=0.4.0).
[23:08:25] [main/INFO] (border-mod) Initializing BorderMod
[23:08:25] [main/INFO] (Minecraft) Environment: authHost='https://authserver.mojang.com', accountsHost='https://api.mojang.com', sessionHost='https://sessionserver.mojang.com', servicesHost='https://api.minecraftservices.com', name='PROD'
[23:08:28] [main/INFO] (Minecraft) Loaded 7 recipes
[23:08:28] [main/INFO] (Minecraft) Loaded 1271 advancements
[23:08:29] [main/INFO] (BiomeModificationImpl) Applied 0 biome modifications to 0 of 64 new biomes in 4.078 ms
[23:08:29] [Server thread/INFO] (Minecraft) Starting minecraft server version 1.20.1
[23:08:29] [Server thread/INFO] (Minecraft) Loading properties
[23:08:29] [Server thread/INFO] (Minecraft) Default game type: SURVIVAL
[23:08:29] [Server thread/INFO] (Minecraft) Generating keypair
[23:08:29] [Server thread/INFO] (Minecraft) Starting Minecraft server on *:25565
[23:08:29] [Server thread/INFO] (Minecraft) Using default channel type
[23:08:30] [Server thread/WARN] (Minecraft) **** SERVER IS RUNNING IN OFFLINE/INSECURE MODE!
[23:08:30] [Server thread/WARN] (Minecraft) The server will make no attempt to authenticate usernames. Beware.
[23:08:30] [Server thread/WARN] (Minecraft) While this makes the game possible to play without internet access, it also opens up the ability for hackers to connect with any username they choose.
[23:08:30] [Server thread/WARN] (Minecraft) To change this, set "online-mode" to "true" in the server.properties file.
[23:08:30] [Server thread/INFO] (Minecraft) Preparing level "world"
[23:08:32] [Server thread/INFO] (Minecraft) Preparing start region for dimension minecraft:overworld
[23:08:35] [Worker-Main-7/INFO] (Minecraft) Preparing spawn area: 0%
[23:08:35] [Worker-Main-7/INFO] (Minecraft) Preparing spawn area: 0%
[23:08:35] [Worker-Main-7/INFO] (Minecraft) Preparing spawn area: 0%
[23:08:35] [Worker-Main-7/INFO] (Minecraft) Preparing spawn area: 0%
[23:08:35] [Worker-Main-7/INFO] (Minecraft) Preparing spawn area: 0%
[23:08:35] [Worker-Main-7/INFO] (Minecraft) Preparing spawn area: 0%
[23:08:35] [Worker-Main-7/INFO] (Minecraft) Preparing spawn area: 0%
[23:08:35] [Worker-Main-7/INFO] (Minecraft) Preparing spawn area: 4%
[23:08:36] [Worker-Main-4/INFO] (Minecraft) Preparing spawn area: 28%
[23:08:36] [Worker-Main-11/INFO] (Minecraft) Preparing spawn area: 44%
[23:08:37] [Worker-Main-8/INFO] (Minecraft) Preparing spawn area: 62%
[23:08:37] [Worker-Main-9/INFO] (Minecraft) Preparing spawn area: 82%
[23:08:38] [Worker-Main-3/INFO] (Minecraft) Preparing spawn area: 87%
[23:08:38] [Worker-Main-8/INFO] (Minecraft) Preparing spawn area: 88%
[23:08:41] [Worker-Main-4/INFO] (Minecraft) Preparing spawn area: 91%
[23:08:41] [Worker-Main-4/INFO] (Minecraft) Preparing spawn area: 91%
[23:08:41] [Worker-Main-4/INFO] (Minecraft) Preparing spawn area: 91%
[23:08:41] [Worker-Main-4/INFO] (Minecraft) Preparing spawn area: 91%
[23:08:41] [Worker-Main-4/INFO] (Minecraft) Preparing spawn area: 91%
[23:08:41] [Worker-Main-6/INFO] (Minecraft) Preparing spawn area: 93%
[23:08:41] [Server thread/INFO] (Minecraft) Time elapsed: 9825 ms
[23:08:41] [Server thread/INFO] (Minecraft) Done (11.532s)! For help, type "help"
[23:08:42] [Server thread/INFO] (Minecraft) 1222[/127.0.0.1:51461] logged in with entity id 229 at (0.5944853935918569, 108.0, -0.06215550762050378)
[23:08:42] [Server thread/INFO] (Minecraft) 1222 joined the game
[23:08:46] [Server thread/WARN] (Minecraft) UUID of added entity already exists: RabbitEntity['Rabbit'/239, l='ServerLevel[world]', x=-67.51, y=112.32, z=-176.04]
[23:08:46] [Server thread/WARN] (Minecraft) UUID of added entity already exists: ChickenEntity['Chicken'/242, l='ServerLevel[world]', x=-173.64, y=96.25, z=-176.00]
[23:08:46] [Server thread/WARN] (Minecraft) UUID of added entity already exists: ChickenEntity['Chicken'/243, l='ServerLevel[world]', x=-172.25, y=97.00, z=-176.05]
[23:08:46] [Server thread/WARN] (Minecraft) UUID of added entity already exists: ChickenEntity['Chicken'/244, l='ServerLevel[world]', x=-171.69, y=97.00, z=-176.02]
[23:09:03] [Server thread/INFO] (Minecraft) 1222 lost connection: Disconnected
[23:09:03] [Server thread/INFO] (Minecraft) 1222 left the game
